=== INPUT ===================================================================
(postulate f (-> A B))
(postulate x A)
((the (-> A B) (fn (y) (f y))) x)

=== PARSED 1 ================================================================
(postulate f (-> A B))

=== POSTULATE ===============================================================
f : (-> A B)

=== PARSED 2 ================================================================
(postulate x A)

=== POSTULATE ===============================================================
x : A

=== PARSED 3 ================================================================
((the (-> A B) (fn (y) (f y))) x)

=== EVALUATE ================================================================
((the (-> A B) (fn (y) (f y))) x)

=== INFERRED ================================================================
((the (-> A B) (fn (y) (f y))) x)

=== CHECKED TYPE ============================================================
B

=== EXPANDED ================================================================
((the (-> A B) (fn (y) (f y))) x)

=== EVALUATED VALUE =========================================================
(f x)

