=== INPUT ===================================================================
(define id (fn (x) x))
(id id id id)

=== PARSED 1 ================================================================
(define id (fn (x) x))

=== DEFINE ==================================================================
(fn (x) x)

=== INFERRED ================================================================
(the (-> @t t t) (fn (@t x) x))

=== CHECKED TYPE ============================================================
(-> @t t t)

=== PARSED 2 ================================================================
(id id id id)

=== EVALUATE ================================================================
(id id id id)

=== INFERRED ================================================================
(the (-> @t t t) (fn (@t) (id @(-> (-> (-> t t) t t) (-> t t) t t)
                              (id @(-> (-> t t) t t))
                              (id @(-> t t))
                              (id @t))))

=== CHECKED TYPE ============================================================
(-> @t t t)

=== EXPANDED ================================================================
(the (-> @t t t)
     (fn (@t) ((the (-> @t1 t1 t1) (fn (@t1 x) x))
                 @(-> (-> (-> t t) t t) (-> t t) t t)
                 ((the (-> @t1 t1 t1) (fn (@t1 x) x)) @(-> (-> t t) t t))
                 ((the (-> @t1 t1 t1) (fn (@t1 x) x)) @(-> t t))
                 ((the (-> @t1 t1 t1) (fn (@t1 x) x)) @t))))

=== EVALUATED VALUE =========================================================
(fn (@t (the t x)) x)

