=== INPUT ===================================================================
(postulate splitter (-> A B))
(postulate a A)
(splitter a)

=== PARSED 1 ================================================================
(postulate splitter (-> A B))

=== POSTULATE ===============================================================
splitter : (-> A B)

=== PARSED 2 ================================================================
(postulate a A)

=== POSTULATE ===============================================================
a : A

=== PARSED 3 ================================================================
(splitter a)

=== EVALUATE ================================================================
(splitter a)

=== INFERRED ================================================================
(splitter a)

=== CHECKED TYPE ============================================================
B

=== EXPANDED ================================================================
(splitter a)

=== EVALUATED VALUE =========================================================
(splitter a)

