=== INPUT ===================================================================
(define id (fn (x) x))

(tuple id id id)

=== PARSED 1 ================================================================
(define id (fn (x) x))

=== DEFINE ==================================================================
(fn (x) x)

=== INFERRED ================================================================
(the (-> @t t t) (fn (@t x) x))

=== PARSED 2 ================================================================
(tuple id id id)

=== EVALUATE ================================================================
(tuple id id id)

=== EXPANDED ================================================================
(tuple (the (-> @t t t) (fn (@t x) x))
       (the (-> @t t t) (fn (@t x) x))
       (the (-> @t t t) (fn (@t x) x)))

=== INFERRED ================================================================
(the (-> @t @t1 @t2 (tuple (-> t t) (-> t1 t1) (-> t2 t2)))
     (fn (@t @t1 @t2) (tuple ((the (-> @t3 t3 t3) (fn (@t3 x) x)) @t)
                             ((the (-> @t3 t3 t3) (fn (@t3 x) x)) @t1)
                             ((the (-> @t3 t3 t3) (fn (@t3 x) x)) @t2))))

=== CHECKED TYPE ============================================================
(-> @t @t1 @t2 (tuple (-> t t) (-> t1 t1) (-> t2 t2)))

=== EVALUATED VALUE =========================================================
(fn (@t @t1 @t2)
    (tuple (fn ((the t x)) x) (fn ((the t1 x)) x) (fn ((the t2 x)) x)))

